repo:endaaman/lxd-completion-zsh	status:10
repo:lib/functions	status:10
repo:plugins/virtualenv	status:10
repo:plugins/screen	status:10
repo:lib/termsupport	status:10
repo:lib/grep	status:10
repo:zsh-users/zsh-syntax-highlighting	status:10
repo:lib/directories	status:10
repo:lib/completion	status:10
repo:chrissicool/zsh-256color	status:10
repo:lib/key-bindings	status:10
repo:plugins/mosh	status:10
repo:lib/history	status:10
repo:plugins/dotenv	status:10
repo:lib/async_prompt	status:10
repo:plugins/battery	status:10
repo:plugins/ztodo	status:10
repo:plugins/git	status:10
repo:themes/amuse	status:10
repo:plugins/virtualenvwrapper	status:10
repo:plugins/gpg-agent	status:10
